14:37:55 **** Incremental Build of configuration Debug for project Shopal ****
make all 
Building file: ../main.c
Invoking: ARM C Compiler 5
armcc --c99 -O0 -g --md --depend_format=unix_escaped -c -o "main.o" "../main.c"
Finished building: ../main.c
 
Building file: ../wifi.c
Invoking: ARM C Compiler 5
armcc --c99 -O0 -g --md --depend_format=unix_escaped -c -o "wifi.o" "../wifi.c"
"../wifi.c", line 95: Warning:  #550-D: variable "temp" was set but never used
  	char temp;
  	     ^
"../wifi.c", line 107: Warning:  #177-D: variable "j" was declared but never referenced
  	int j;
  	    ^
"../wifi.c", line 108: Warning:  #177-D: variable "c" was declared but never referenced
  	char c;
  	     ^
"../wifi.c", line 143: Warning:  #520-D: initialization with "{...}" expected for aggregate object
  	char c[500] = NULL;
  	              ^
"../wifi.c", line 158: Warning:  #177-D: variable "j" was declared but never referenced
  	int j = 0;
  	    ^
../wifi.c: 5 warnings, 0 errors
Finished building: ../wifi.c
 
Building target: Shopal.axf
Invoking: ARM Linker 5
armlink --scatter="D:\CPEN 391\DS-5 Workspace\Shopal\CPEN391ForDE1.scat" --info=sizes -o "Shopal.axf"  ./main.o ./wifi.o   

==============================================================================

Image component sizes


      Code (inc. data)   RO Data    RW Data    ZI Data      Debug   Object Name

       172         28          0          0          0       2007   main.o
       804        128          0          0          0       3416   wifi.o

    ----------------------------------------------------------------------
       976        156         16          0      65536       5423   Object Totals
         0          0         16          0      65536          0   (incl. Generated)
         0          0          0          0          0          0   (incl. Padding)

    ----------------------------------------------------------------------

      Code (inc. data)   RO Data    RW Data    ZI Data      Debug   Library Member Name

         8          0          0          0          0         68   __main.o
       204          0          0          0          0         96   __printf.o
         0          0          0          0          0          0   __rtentry.o
        12          0          0          0          0          0   __rtentry2.o
         8          4          0          0          0          0   __rtentry6.o
        60          8          0          0          0          0   __scatter.o
        44          0          0          0          0          0   __scatter_zi.o
        76          0          0          0          0        108   _printf_char.o
        84          4          0          0          0         96   _printf_char_common.o
        52          4          0          0          0         80   _printf_char_file.o
         8          0          0          0          0          0   _printf_d.o
       180         16          0          0          0        100   _printf_dec.o
       296          0          0          0          0        100   _printf_intcommon.o
         0          0          0          0          0          0   _printf_percent.o
         8          0          0          0          0          0   _printf_percent_end.o
         8          0          0          0          0          0   _printf_s.o
       144          0          0          0          0         80   _printf_str.o
       380          0          0          0          0         76   aeabi_sdiv.o
        12          0          0          0          0         68   defsig_exit.o
        80          0          0          0          0         88   defsig_general.o
        88         56          0          0          0         76   defsig_rtmem_inner.o
        16          0          0          0          0         80   defsig_rtmem_outer.o
        60         36          0          0          0         76   defsig_rtred_inner.o
        16          0          0          0          0         80   defsig_rtred_outer.o
        16          0          0          0          0         72   exit.o
       116          0          0          0          0        100   fclose.o
        12          0          0          0          0         68   ferror.o
       808          4          0          0          0        100   flsbuf.o
       360          8          0          0          0        144   fopen.o
        48          0          0          0          0         68   fputc.o
       412          0          0          0          0        100   fseek.o
       112          0          0          0          0         76   ftell.o
       164          0          0          0          0         80   h1_alloc.o
        84          0          0          0          0         68   h1_extend.o
       132          0          0          0          0         80   h1_free.o
        28          0          0          0          0         84   h1_init.o
       116          4          0          4          0         92   heapauxa.o
         8          0          0          0          0        136   hguard.o
         0          0          0          0          0          0   indicate_semi.o
       224          0          0          0          0        184   init_alloc.o
       484         68          0          0          0        112   initio.o
         4          0          0          0          0          0   libinit.o
        12          0          0          0          0          0   libinit2.o
        20          8          0          0          0          0   libinit4.o
         4          0          0          0          0          0   libshutdown.o
         8          0          0          0          0          0   libshutdown2.o
         0          0          0          0         96          0   libspace.o
         0          0          0          0          0          0   maybetermalloc1.o
        36          4          0          0          0         84   noretval__2printf.o
        12          4          0          0          0         68   rt_errno_addr_intlibspace.o
        12          4          0          0          0         68   rt_heap_descriptor_intlibspace.o
        84          0          0          0          0         80   rt_memclr_w.o
       100          0          0          0          0         80   rt_memcpy_w.o
         4          0          0          0          0          0   rtexit.o
        12          0          0          0          0          0   rtexit2.o
        44          0          0          0          0         68   rtudiv10.o
       112          0          0          0          0         80   setvbuf.o
       396          4          0          0          0        164   stdio.o
         0          0          0         12        252          0   stdio_streams.o
        64          0          0          0          0         76   strcspn.o
       100          4          0          0          0         68   strlen.o
        60          0          0          0          0         76   strspn.o
        12          4          0          4          0         68   strtok.o
       116          4          0          0          0         96   strtok_int.o
        64          4          0          4          0        100   sys_clock.o
        20          4          0          0          0         68   sys_exit.o
       196          0         12          0          0        252   sys_io.o
        24          0          0          0          0         76   sys_wrch.o
         4          0          0          0          0         68   use_no_semi.o

    ----------------------------------------------------------------------
      6488        256         12         24        348       4476   Library Totals
         0          0          0          0          0          0   (incl. Padding)

    ----------------------------------------------------------------------

      Code (inc. data)   RO Data    RW Data    ZI Data      Debug   Library Name

      6488        256         12         24        348       4476   c_4.l

    ----------------------------------------------------------------------
      6488        256         12         24        348       4476   Library Totals

    ----------------------------------------------------------------------

==============================================================================


      Code (inc. data)   RO Data    RW Data    ZI Data      Debug   

      7464        412         28         24      65884       7487   Grand Totals
      7464        412         28         24      65884       7487   ELF Image Totals
      7464        412         28         24          0          0   ROM Totals

==============================================================================

    Total RO  Size (Code + RO Data)                 7492 (   7.32kB)
    Total RW  Size (RW Data + ZI Data)             65908 (  64.36kB)
    Total ROM Size (Code + RO Data + RW Data)       7516 (   7.34kB)

==============================================================================

Finished building target: Shopal.axf
 
